frames_v loaded
Time taken to load frames_v: 1.3335003852844238 seconds
fnames_v loaded
masks_v loaded
video_names loaded
sz loaded
files loaded...
loading from: /home/datasets/Trainedmodelsandresults/Endo-STTN/release_model/sttn_hyper-kvasir-transfer2-TransMask
loading frames and masks from: /home/datasets/ClaraData/JPEGImages/
torch.Size([1, 100, 256, 72, 72])
torch.Size([1, 100, 256, 72, 72])
torch.Size([1, 100, 256, 72, 72])
torch.Size([1, 100, 256, 72, 72])
torch.Size([1, 100, 256, 72, 72])
torch.Size([1, 100, 256, 72, 72])
torch.Size([1, 100, 256, 72, 72])
torch.Size([1, 100, 256, 72, 72])
torch.Size([1, 100, 256, 72, 72])
torch.Size([1, 100, 256, 72, 72])
torch.Size([1, 100, 256, 72, 72])
torch.Size([1, 100, 256, 72, 72])
torch.Size([1, 100, 256, 72, 72])
torch.Size([1, 100, 256, 72, 72])
torch.Size([1, 100, 256, 72, 72])
torch.Size([1, 100, 256, 72, 72])
torch.Size([1, 100, 256, 72, 72])
torch.Size([1, 100, 256, 72, 72])
torch.Size([1, 100, 256, 72, 72])
torch.Size([1, 100, 256, 72, 72])
Finish in /home/datasets/ClaraData/Inpainted/gen_00009/sub1/overlaid/notshifted/masked/result.mp4
loading from: /home/datasets/Trainedmodelsandresults/Endo-STTN/release_model/sttn_hyper-kvasir-transfer2-TransMask
loading frames and masks from: /home/datasets/ClaraData/JPEGImages/
torch.Size([1, 100, 256, 72, 72])
torch.Size([1, 100, 256, 72, 72])
torch.Size([1, 100, 256, 72, 72])
torch.Size([1, 100, 256, 72, 72])
torch.Size([1, 100, 256, 72, 72])
torch.Size([1, 100, 256, 72, 72])
torch.Size([1, 100, 256, 72, 72])
torch.Size([1, 100, 256, 72, 72])
torch.Size([1, 100, 256, 72, 72])
torch.Size([1, 100, 256, 72, 72])
torch.Size([1, 100, 256, 72, 72])
torch.Size([1, 100, 256, 72, 72])
torch.Size([1, 100, 256, 72, 72])
torch.Size([1, 100, 256, 72, 72])
torch.Size([1, 100, 256, 72, 72])
torch.Size([1, 100, 256, 72, 72])
torch.Size([1, 100, 256, 72, 72])
torch.Size([1, 100, 256, 72, 72])
torch.Size([1, 100, 256, 72, 72])
torch.Size([1, 100, 256, 72, 72])
Finish in /home/datasets/ClaraData/Inpainted/gen_00009/sub10/overlaid/notshifted/masked/result.mp4
loading from: /home/datasets/Trainedmodelsandresults/Endo-STTN/release_model/sttn_hyper-kvasir-transfer2-TransMask
loading frames and masks from: /home/datasets/ClaraData/JPEGImages/
torch.Size([1, 100, 256, 72, 72])
torch.Size([1, 100, 256, 72, 72])
torch.Size([1, 100, 256, 72, 72])
torch.Size([1, 100, 256, 72, 72])
torch.Size([1, 100, 256, 72, 72])
torch.Size([1, 100, 256, 72, 72])
torch.Size([1, 100, 256, 72, 72])
torch.Size([1, 100, 256, 72, 72])
torch.Size([1, 100, 256, 72, 72])
torch.Size([1, 100, 256, 72, 72])
torch.Size([1, 100, 256, 72, 72])
torch.Size([1, 100, 256, 72, 72])
torch.Size([1, 100, 256, 72, 72])
torch.Size([1, 100, 256, 72, 72])
torch.Size([1, 100, 256, 72, 72])
torch.Size([1, 100, 256, 72, 72])
torch.Size([1, 100, 256, 72, 72])
torch.Size([1, 100, 256, 72, 72])
torch.Size([1, 100, 256, 72, 72])
torch.Size([1, 100, 256, 72, 72])
Finish in /home/datasets/ClaraData/Inpainted/gen_00009/sub11/overlaid/notshifted/masked/result.mp4
loading from: /home/datasets/Trainedmodelsandresults/Endo-STTN/release_model/sttn_hyper-kvasir-transfer2-TransMask
loading frames and masks from: /home/datasets/ClaraData/JPEGImages/
torch.Size([1, 100, 256, 72, 72])
torch.Size([1, 100, 256, 72, 72])
torch.Size([1, 100, 256, 72, 72])
torch.Size([1, 100, 256, 72, 72])
torch.Size([1, 100, 256, 72, 72])
torch.Size([1, 100, 256, 72, 72])
torch.Size([1, 100, 256, 72, 72])
torch.Size([1, 100, 256, 72, 72])
torch.Size([1, 100, 256, 72, 72])
torch.Size([1, 100, 256, 72, 72])
torch.Size([1, 100, 256, 72, 72])
torch.Size([1, 100, 256, 72, 72])
torch.Size([1, 100, 256, 72, 72])
torch.Size([1, 100, 256, 72, 72])
torch.Size([1, 100, 256, 72, 72])
torch.Size([1, 100, 256, 72, 72])
torch.Size([1, 100, 256, 72, 72])
torch.Size([1, 100, 256, 72, 72])
torch.Size([1, 100, 256, 72, 72])
torch.Size([1, 100, 256, 72, 72])
Finish in /home/datasets/ClaraData/Inpainted/gen_00009/sub12/overlaid/notshifted/masked/result.mp4
loading from: /home/datasets/Trainedmodelsandresults/Endo-STTN/release_model/sttn_hyper-kvasir-transfer2-TransMask
loading frames and masks from: /home/datasets/ClaraData/JPEGImages/
torch.Size([1, 100, 256, 72, 72])
torch.Size([1, 100, 256, 72, 72])
torch.Size([1, 100, 256, 72, 72])
torch.Size([1, 100, 256, 72, 72])
torch.Size([1, 100, 256, 72, 72])
torch.Size([1, 100, 256, 72, 72])
torch.Size([1, 100, 256, 72, 72])
torch.Size([1, 100, 256, 72, 72])
torch.Size([1, 100, 256, 72, 72])
torch.Size([1, 100, 256, 72, 72])
torch.Size([1, 100, 256, 72, 72])
torch.Size([1, 100, 256, 72, 72])
torch.Size([1, 100, 256, 72, 72])
torch.Size([1, 100, 256, 72, 72])
torch.Size([1, 100, 256, 72, 72])
torch.Size([1, 100, 256, 72, 72])
torch.Size([1, 100, 256, 72, 72])
torch.Size([1, 100, 256, 72, 72])
torch.Size([1, 100, 256, 72, 72])
torch.Size([1, 100, 256, 72, 72])
Finish in /home/datasets/ClaraData/Inpainted/gen_00009/sub13/overlaid/notshifted/masked/result.mp4
loading from: /home/datasets/Trainedmodelsandresults/Endo-STTN/release_model/sttn_hyper-kvasir-transfer2-TransMask
loading frames and masks from: /home/datasets/ClaraData/JPEGImages/
torch.Size([1, 100, 256, 72, 72])
torch.Size([1, 100, 256, 72, 72])
torch.Size([1, 100, 256, 72, 72])
torch.Size([1, 100, 256, 72, 72])
torch.Size([1, 100, 256, 72, 72])
torch.Size([1, 100, 256, 72, 72])
torch.Size([1, 100, 256, 72, 72])
torch.Size([1, 100, 256, 72, 72])
torch.Size([1, 100, 256, 72, 72])
torch.Size([1, 100, 256, 72, 72])
torch.Size([1, 100, 256, 72, 72])
torch.Size([1, 100, 256, 72, 72])
torch.Size([1, 100, 256, 72, 72])
torch.Size([1, 100, 256, 72, 72])
torch.Size([1, 100, 256, 72, 72])
torch.Size([1, 100, 256, 72, 72])
torch.Size([1, 100, 256, 72, 72])
torch.Size([1, 100, 256, 72, 72])
torch.Size([1, 100, 256, 72, 72])
torch.Size([1, 100, 256, 72, 72])
Finish in /home/datasets/ClaraData/Inpainted/gen_00009/sub14/overlaid/notshifted/masked/result.mp4
loading from: /home/datasets/Trainedmodelsandresults/Endo-STTN/release_model/sttn_hyper-kvasir-transfer2-TransMask
loading frames and masks from: /home/datasets/ClaraData/JPEGImages/
torch.Size([1, 100, 256, 72, 72])
torch.Size([1, 100, 256, 72, 72])
torch.Size([1, 100, 256, 72, 72])
torch.Size([1, 100, 256, 72, 72])
torch.Size([1, 100, 256, 72, 72])
torch.Size([1, 100, 256, 72, 72])
torch.Size([1, 100, 256, 72, 72])
torch.Size([1, 100, 256, 72, 72])
torch.Size([1, 100, 256, 72, 72])
torch.Size([1, 100, 256, 72, 72])
torch.Size([1, 100, 256, 72, 72])
torch.Size([1, 100, 256, 72, 72])
torch.Size([1, 100, 256, 72, 72])
torch.Size([1, 100, 256, 72, 72])
torch.Size([1, 100, 256, 72, 72])
torch.Size([1, 100, 256, 72, 72])
torch.Size([1, 100, 256, 72, 72])
torch.Size([1, 100, 256, 72, 72])
torch.Size([1, 100, 256, 72, 72])
torch.Size([1, 100, 256, 72, 72])
Finish in /home/datasets/ClaraData/Inpainted/gen_00009/sub15/overlaid/notshifted/masked/result.mp4
loading from: /home/datasets/Trainedmodelsandresults/Endo-STTN/release_model/sttn_hyper-kvasir-transfer2-TransMask
loading frames and masks from: /home/datasets/ClaraData/JPEGImages/
torch.Size([1, 100, 256, 72, 72])
torch.Size([1, 100, 256, 72, 72])
torch.Size([1, 100, 256, 72, 72])
torch.Size([1, 100, 256, 72, 72])
torch.Size([1, 100, 256, 72, 72])
torch.Size([1, 100, 256, 72, 72])
torch.Size([1, 100, 256, 72, 72])
torch.Size([1, 100, 256, 72, 72])
torch.Size([1, 100, 256, 72, 72])
torch.Size([1, 100, 256, 72, 72])
torch.Size([1, 100, 256, 72, 72])
torch.Size([1, 100, 256, 72, 72])
torch.Size([1, 100, 256, 72, 72])
torch.Size([1, 100, 256, 72, 72])
torch.Size([1, 100, 256, 72, 72])
torch.Size([1, 100, 256, 72, 72])
torch.Size([1, 100, 256, 72, 72])
torch.Size([1, 100, 256, 72, 72])
torch.Size([1, 100, 256, 72, 72])
torch.Size([1, 100, 256, 72, 72])
Finish in /home/datasets/ClaraData/Inpainted/gen_00009/sub16/overlaid/notshifted/masked/result.mp4
loading from: /home/datasets/Trainedmodelsandresults/Endo-STTN/release_model/sttn_hyper-kvasir-transfer2-TransMask
loading frames and masks from: /home/datasets/ClaraData/JPEGImages/
torch.Size([1, 100, 256, 72, 72])
torch.Size([1, 100, 256, 72, 72])
torch.Size([1, 100, 256, 72, 72])
torch.Size([1, 100, 256, 72, 72])
torch.Size([1, 100, 256, 72, 72])
torch.Size([1, 100, 256, 72, 72])
torch.Size([1, 100, 256, 72, 72])
torch.Size([1, 100, 256, 72, 72])
torch.Size([1, 100, 256, 72, 72])
torch.Size([1, 100, 256, 72, 72])
torch.Size([1, 100, 256, 72, 72])
torch.Size([1, 100, 256, 72, 72])
torch.Size([1, 100, 256, 72, 72])
torch.Size([1, 100, 256, 72, 72])
torch.Size([1, 100, 256, 72, 72])
torch.Size([1, 100, 256, 72, 72])
torch.Size([1, 100, 256, 72, 72])
torch.Size([1, 100, 256, 72, 72])
torch.Size([1, 100, 256, 72, 72])
torch.Size([1, 100, 256, 72, 72])
Finish in /home/datasets/ClaraData/Inpainted/gen_00009/sub17/overlaid/notshifted/masked/result.mp4
loading from: /home/datasets/Trainedmodelsandresults/Endo-STTN/release_model/sttn_hyper-kvasir-transfer2-TransMask
loading frames and masks from: /home/datasets/ClaraData/JPEGImages/
torch.Size([1, 100, 256, 72, 72])
torch.Size([1, 100, 256, 72, 72])
torch.Size([1, 100, 256, 72, 72])
torch.Size([1, 100, 256, 72, 72])
torch.Size([1, 100, 256, 72, 72])
torch.Size([1, 100, 256, 72, 72])
torch.Size([1, 100, 256, 72, 72])
torch.Size([1, 100, 256, 72, 72])
torch.Size([1, 100, 256, 72, 72])
torch.Size([1, 100, 256, 72, 72])
torch.Size([1, 100, 256, 72, 72])
torch.Size([1, 100, 256, 72, 72])
torch.Size([1, 100, 256, 72, 72])
torch.Size([1, 100, 256, 72, 72])
torch.Size([1, 100, 256, 72, 72])
torch.Size([1, 100, 256, 72, 72])
torch.Size([1, 100, 256, 72, 72])
torch.Size([1, 100, 256, 72, 72])
torch.Size([1, 100, 256, 72, 72])
torch.Size([1, 100, 256, 72, 72])
Finish in /home/datasets/ClaraData/Inpainted/gen_00009/sub18/overlaid/notshifted/masked/result.mp4
loading from: /home/datasets/Trainedmodelsandresults/Endo-STTN/release_model/sttn_hyper-kvasir-transfer2-TransMask
loading frames and masks from: /home/datasets/ClaraData/JPEGImages/
torch.Size([1, 100, 256, 72, 72])
torch.Size([1, 100, 256, 72, 72])
torch.Size([1, 100, 256, 72, 72])
torch.Size([1, 100, 256, 72, 72])
torch.Size([1, 100, 256, 72, 72])
torch.Size([1, 100, 256, 72, 72])
torch.Size([1, 100, 256, 72, 72])
torch.Size([1, 100, 256, 72, 72])
torch.Size([1, 100, 256, 72, 72])
torch.Size([1, 100, 256, 72, 72])
torch.Size([1, 100, 256, 72, 72])
torch.Size([1, 100, 256, 72, 72])
torch.Size([1, 100, 256, 72, 72])
torch.Size([1, 100, 256, 72, 72])
torch.Size([1, 100, 256, 72, 72])
torch.Size([1, 100, 256, 72, 72])
torch.Size([1, 100, 256, 72, 72])
torch.Size([1, 100, 256, 72, 72])
torch.Size([1, 100, 256, 72, 72])
torch.Size([1, 100, 256, 72, 72])
Finish in /home/datasets/ClaraData/Inpainted/gen_00009/sub19/overlaid/notshifted/masked/result.mp4
loading from: /home/datasets/Trainedmodelsandresults/Endo-STTN/release_model/sttn_hyper-kvasir-transfer2-TransMask
loading frames and masks from: /home/datasets/ClaraData/JPEGImages/
torch.Size([1, 100, 256, 72, 72])
torch.Size([1, 100, 256, 72, 72])
torch.Size([1, 100, 256, 72, 72])
torch.Size([1, 100, 256, 72, 72])
torch.Size([1, 100, 256, 72, 72])
torch.Size([1, 100, 256, 72, 72])
torch.Size([1, 100, 256, 72, 72])
torch.Size([1, 100, 256, 72, 72])
torch.Size([1, 100, 256, 72, 72])
torch.Size([1, 100, 256, 72, 72])
torch.Size([1, 100, 256, 72, 72])
torch.Size([1, 100, 256, 72, 72])
torch.Size([1, 100, 256, 72, 72])
torch.Size([1, 100, 256, 72, 72])
torch.Size([1, 100, 256, 72, 72])
torch.Size([1, 100, 256, 72, 72])
torch.Size([1, 100, 256, 72, 72])
torch.Size([1, 100, 256, 72, 72])
torch.Size([1, 100, 256, 72, 72])
torch.Size([1, 100, 256, 72, 72])
Finish in /home/datasets/ClaraData/Inpainted/gen_00009/sub2/overlaid/notshifted/masked/result.mp4
loading from: /home/datasets/Trainedmodelsandresults/Endo-STTN/release_model/sttn_hyper-kvasir-transfer2-TransMask
loading frames and masks from: /home/datasets/ClaraData/JPEGImages/
torch.Size([1, 100, 256, 72, 72])
torch.Size([1, 100, 256, 72, 72])
torch.Size([1, 100, 256, 72, 72])
torch.Size([1, 100, 256, 72, 72])
torch.Size([1, 100, 256, 72, 72])
torch.Size([1, 100, 256, 72, 72])
torch.Size([1, 100, 256, 72, 72])
torch.Size([1, 100, 256, 72, 72])
torch.Size([1, 100, 256, 72, 72])
torch.Size([1, 100, 256, 72, 72])
torch.Size([1, 100, 256, 72, 72])
torch.Size([1, 100, 256, 72, 72])
torch.Size([1, 100, 256, 72, 72])
torch.Size([1, 100, 256, 72, 72])
torch.Size([1, 100, 256, 72, 72])
torch.Size([1, 100, 256, 72, 72])
torch.Size([1, 100, 256, 72, 72])
torch.Size([1, 100, 256, 72, 72])
torch.Size([1, 100, 256, 72, 72])
torch.Size([1, 100, 256, 72, 72])
Finish in /home/datasets/ClaraData/Inpainted/gen_00009/sub20/overlaid/notshifted/masked/result.mp4
loading from: /home/datasets/Trainedmodelsandresults/Endo-STTN/release_model/sttn_hyper-kvasir-transfer2-TransMask
loading frames and masks from: /home/datasets/ClaraData/JPEGImages/
torch.Size([1, 100, 256, 72, 72])
torch.Size([1, 100, 256, 72, 72])
torch.Size([1, 100, 256, 72, 72])
torch.Size([1, 100, 256, 72, 72])
torch.Size([1, 100, 256, 72, 72])
torch.Size([1, 100, 256, 72, 72])
torch.Size([1, 100, 256, 72, 72])
torch.Size([1, 100, 256, 72, 72])
torch.Size([1, 100, 256, 72, 72])
torch.Size([1, 100, 256, 72, 72])
torch.Size([1, 100, 256, 72, 72])
torch.Size([1, 100, 256, 72, 72])
torch.Size([1, 100, 256, 72, 72])
torch.Size([1, 100, 256, 72, 72])
torch.Size([1, 100, 256, 72, 72])
torch.Size([1, 100, 256, 72, 72])
torch.Size([1, 100, 256, 72, 72])
torch.Size([1, 100, 256, 72, 72])
torch.Size([1, 100, 256, 72, 72])
torch.Size([1, 100, 256, 72, 72])
Finish in /home/datasets/ClaraData/Inpainted/gen_00009/sub21/overlaid/notshifted/masked/result.mp4
loading from: /home/datasets/Trainedmodelsandresults/Endo-STTN/release_model/sttn_hyper-kvasir-transfer2-TransMask
loading frames and masks from: /home/datasets/ClaraData/JPEGImages/
torch.Size([1, 100, 256, 72, 72])
torch.Size([1, 100, 256, 72, 72])
torch.Size([1, 100, 256, 72, 72])
torch.Size([1, 100, 256, 72, 72])
torch.Size([1, 100, 256, 72, 72])
torch.Size([1, 100, 256, 72, 72])
torch.Size([1, 100, 256, 72, 72])
torch.Size([1, 100, 256, 72, 72])
torch.Size([1, 100, 256, 72, 72])
torch.Size([1, 100, 256, 72, 72])
torch.Size([1, 100, 256, 72, 72])
torch.Size([1, 100, 256, 72, 72])
torch.Size([1, 100, 256, 72, 72])
torch.Size([1, 100, 256, 72, 72])
torch.Size([1, 100, 256, 72, 72])
torch.Size([1, 100, 256, 72, 72])
torch.Size([1, 100, 256, 72, 72])
torch.Size([1, 100, 256, 72, 72])
torch.Size([1, 100, 256, 72, 72])
torch.Size([1, 100, 256, 72, 72])
Finish in /home/datasets/ClaraData/Inpainted/gen_00009/sub22/overlaid/notshifted/masked/result.mp4
loading from: /home/datasets/Trainedmodelsandresults/Endo-STTN/release_model/sttn_hyper-kvasir-transfer2-TransMask
loading frames and masks from: /home/datasets/ClaraData/JPEGImages/
torch.Size([1, 100, 256, 72, 72])
torch.Size([1, 100, 256, 72, 72])
torch.Size([1, 100, 256, 72, 72])
torch.Size([1, 100, 256, 72, 72])
torch.Size([1, 100, 256, 72, 72])
torch.Size([1, 100, 256, 72, 72])
torch.Size([1, 100, 256, 72, 72])
torch.Size([1, 100, 256, 72, 72])
torch.Size([1, 100, 256, 72, 72])
torch.Size([1, 100, 256, 72, 72])
torch.Size([1, 100, 256, 72, 72])
torch.Size([1, 100, 256, 72, 72])
torch.Size([1, 100, 256, 72, 72])
torch.Size([1, 100, 256, 72, 72])
torch.Size([1, 100, 256, 72, 72])
torch.Size([1, 100, 256, 72, 72])
torch.Size([1, 100, 256, 72, 72])
torch.Size([1, 100, 256, 72, 72])
torch.Size([1, 100, 256, 72, 72])
torch.Size([1, 100, 256, 72, 72])
Finish in /home/datasets/ClaraData/Inpainted/gen_00009/sub23/overlaid/notshifted/masked/result.mp4
loading from: /home/datasets/Trainedmodelsandresults/Endo-STTN/release_model/sttn_hyper-kvasir-transfer2-TransMask
loading frames and masks from: /home/datasets/ClaraData/JPEGImages/
torch.Size([1, 100, 256, 72, 72])
torch.Size([1, 100, 256, 72, 72])
torch.Size([1, 100, 256, 72, 72])
torch.Size([1, 100, 256, 72, 72])
torch.Size([1, 100, 256, 72, 72])
torch.Size([1, 100, 256, 72, 72])
torch.Size([1, 100, 256, 72, 72])
torch.Size([1, 100, 256, 72, 72])
torch.Size([1, 100, 256, 72, 72])
torch.Size([1, 100, 256, 72, 72])
torch.Size([1, 100, 256, 72, 72])
torch.Size([1, 100, 256, 72, 72])
torch.Size([1, 100, 256, 72, 72])
torch.Size([1, 100, 256, 72, 72])
torch.Size([1, 100, 256, 72, 72])
torch.Size([1, 100, 256, 72, 72])
torch.Size([1, 100, 256, 72, 72])
torch.Size([1, 100, 256, 72, 72])
torch.Size([1, 100, 256, 72, 72])
torch.Size([1, 100, 256, 72, 72])
Finish in /home/datasets/ClaraData/Inpainted/gen_00009/sub24/overlaid/notshifted/masked/result.mp4
loading from: /home/datasets/Trainedmodelsandresults/Endo-STTN/release_model/sttn_hyper-kvasir-transfer2-TransMask
loading frames and masks from: /home/datasets/ClaraData/JPEGImages/
torch.Size([1, 100, 256, 72, 72])
torch.Size([1, 100, 256, 72, 72])
torch.Size([1, 100, 256, 72, 72])
torch.Size([1, 100, 256, 72, 72])
torch.Size([1, 100, 256, 72, 72])
torch.Size([1, 100, 256, 72, 72])
torch.Size([1, 100, 256, 72, 72])
torch.Size([1, 100, 256, 72, 72])
torch.Size([1, 100, 256, 72, 72])
torch.Size([1, 100, 256, 72, 72])
torch.Size([1, 100, 256, 72, 72])
torch.Size([1, 100, 256, 72, 72])
torch.Size([1, 100, 256, 72, 72])
torch.Size([1, 100, 256, 72, 72])
torch.Size([1, 100, 256, 72, 72])
torch.Size([1, 100, 256, 72, 72])
torch.Size([1, 100, 256, 72, 72])
torch.Size([1, 100, 256, 72, 72])
torch.Size([1, 100, 256, 72, 72])
torch.Size([1, 100, 256, 72, 72])
Finish in /home/datasets/ClaraData/Inpainted/gen_00009/sub25/overlaid/notshifted/masked/result.mp4
loading from: /home/datasets/Trainedmodelsandresults/Endo-STTN/release_model/sttn_hyper-kvasir-transfer2-TransMask
loading frames and masks from: /home/datasets/ClaraData/JPEGImages/
torch.Size([1, 100, 256, 72, 72])
torch.Size([1, 100, 256, 72, 72])
torch.Size([1, 100, 256, 72, 72])
torch.Size([1, 100, 256, 72, 72])
torch.Size([1, 100, 256, 72, 72])
torch.Size([1, 100, 256, 72, 72])
torch.Size([1, 100, 256, 72, 72])
torch.Size([1, 100, 256, 72, 72])
torch.Size([1, 100, 256, 72, 72])
torch.Size([1, 100, 256, 72, 72])
torch.Size([1, 100, 256, 72, 72])
torch.Size([1, 100, 256, 72, 72])
torch.Size([1, 100, 256, 72, 72])
torch.Size([1, 100, 256, 72, 72])
torch.Size([1, 100, 256, 72, 72])
torch.Size([1, 100, 256, 72, 72])
torch.Size([1, 100, 256, 72, 72])
torch.Size([1, 100, 256, 72, 72])
torch.Size([1, 100, 256, 72, 72])
torch.Size([1, 100, 256, 72, 72])
Finish in /home/datasets/ClaraData/Inpainted/gen_00009/sub26/overlaid/notshifted/masked/result.mp4
loading from: /home/datasets/Trainedmodelsandresults/Endo-STTN/release_model/sttn_hyper-kvasir-transfer2-TransMask
loading frames and masks from: /home/datasets/ClaraData/JPEGImages/
torch.Size([1, 100, 256, 72, 72])
torch.Size([1, 100, 256, 72, 72])
torch.Size([1, 100, 256, 72, 72])
torch.Size([1, 100, 256, 72, 72])
torch.Size([1, 100, 256, 72, 72])
torch.Size([1, 100, 256, 72, 72])
torch.Size([1, 100, 256, 72, 72])
torch.Size([1, 100, 256, 72, 72])
torch.Size([1, 100, 256, 72, 72])
torch.Size([1, 100, 256, 72, 72])
torch.Size([1, 100, 256, 72, 72])
torch.Size([1, 100, 256, 72, 72])
torch.Size([1, 100, 256, 72, 72])
torch.Size([1, 100, 256, 72, 72])
torch.Size([1, 100, 256, 72, 72])
torch.Size([1, 100, 256, 72, 72])
torch.Size([1, 100, 256, 72, 72])
torch.Size([1, 100, 256, 72, 72])
torch.Size([1, 100, 256, 72, 72])
torch.Size([1, 100, 256, 72, 72])
Finish in /home/datasets/ClaraData/Inpainted/gen_00009/sub27/overlaid/notshifted/masked/result.mp4
loading from: /home/datasets/Trainedmodelsandresults/Endo-STTN/release_model/sttn_hyper-kvasir-transfer2-TransMask
loading frames and masks from: /home/datasets/ClaraData/JPEGImages/
torch.Size([1, 100, 256, 72, 72])
torch.Size([1, 100, 256, 72, 72])
torch.Size([1, 100, 256, 72, 72])
torch.Size([1, 100, 256, 72, 72])
torch.Size([1, 100, 256, 72, 72])
torch.Size([1, 100, 256, 72, 72])
torch.Size([1, 100, 256, 72, 72])
torch.Size([1, 100, 256, 72, 72])
torch.Size([1, 100, 256, 72, 72])
torch.Size([1, 100, 256, 72, 72])
torch.Size([1, 100, 256, 72, 72])
torch.Size([1, 100, 256, 72, 72])
torch.Size([1, 100, 256, 72, 72])
torch.Size([1, 100, 256, 72, 72])
torch.Size([1, 100, 256, 72, 72])
torch.Size([1, 100, 256, 72, 72])
torch.Size([1, 100, 256, 72, 72])
torch.Size([1, 100, 256, 72, 72])
torch.Size([1, 100, 256, 72, 72])
torch.Size([1, 100, 256, 72, 72])
Finish in /home/datasets/ClaraData/Inpainted/gen_00009/sub28/overlaid/notshifted/masked/result.mp4
loading from: /home/datasets/Trainedmodelsandresults/Endo-STTN/release_model/sttn_hyper-kvasir-transfer2-TransMask
loading frames and masks from: /home/datasets/ClaraData/JPEGImages/
torch.Size([1, 100, 256, 72, 72])
torch.Size([1, 100, 256, 72, 72])
torch.Size([1, 100, 256, 72, 72])
torch.Size([1, 100, 256, 72, 72])
torch.Size([1, 100, 256, 72, 72])
torch.Size([1, 100, 256, 72, 72])
torch.Size([1, 100, 256, 72, 72])
torch.Size([1, 100, 256, 72, 72])
torch.Size([1, 100, 256, 72, 72])
torch.Size([1, 100, 256, 72, 72])
torch.Size([1, 100, 256, 72, 72])
torch.Size([1, 100, 256, 72, 72])
torch.Size([1, 100, 256, 72, 72])
torch.Size([1, 100, 256, 72, 72])
torch.Size([1, 100, 256, 72, 72])
torch.Size([1, 100, 256, 72, 72])
torch.Size([1, 100, 256, 72, 72])
torch.Size([1, 100, 256, 72, 72])
torch.Size([1, 100, 256, 72, 72])
torch.Size([1, 100, 256, 72, 72])
Finish in /home/datasets/ClaraData/Inpainted/gen_00009/sub29/overlaid/notshifted/masked/result.mp4
loading from: /home/datasets/Trainedmodelsandresults/Endo-STTN/release_model/sttn_hyper-kvasir-transfer2-TransMask
loading frames and masks from: /home/datasets/ClaraData/JPEGImages/
torch.Size([1, 100, 256, 72, 72])
torch.Size([1, 100, 256, 72, 72])
torch.Size([1, 100, 256, 72, 72])
torch.Size([1, 100, 256, 72, 72])
torch.Size([1, 100, 256, 72, 72])
torch.Size([1, 100, 256, 72, 72])
torch.Size([1, 100, 256, 72, 72])
torch.Size([1, 100, 256, 72, 72])
torch.Size([1, 100, 256, 72, 72])
torch.Size([1, 100, 256, 72, 72])
torch.Size([1, 100, 256, 72, 72])
torch.Size([1, 100, 256, 72, 72])
torch.Size([1, 100, 256, 72, 72])
torch.Size([1, 100, 256, 72, 72])
torch.Size([1, 100, 256, 72, 72])
torch.Size([1, 100, 256, 72, 72])
torch.Size([1, 100, 256, 72, 72])
torch.Size([1, 100, 256, 72, 72])
torch.Size([1, 100, 256, 72, 72])
torch.Size([1, 100, 256, 72, 72])
Finish in /home/datasets/ClaraData/Inpainted/gen_00009/sub3/overlaid/notshifted/masked/result.mp4
loading from: /home/datasets/Trainedmodelsandresults/Endo-STTN/release_model/sttn_hyper-kvasir-transfer2-TransMask
loading frames and masks from: /home/datasets/ClaraData/JPEGImages/
torch.Size([1, 100, 256, 72, 72])
torch.Size([1, 100, 256, 72, 72])
torch.Size([1, 100, 256, 72, 72])
torch.Size([1, 100, 256, 72, 72])
torch.Size([1, 100, 256, 72, 72])
torch.Size([1, 100, 256, 72, 72])
torch.Size([1, 100, 256, 72, 72])
torch.Size([1, 100, 256, 72, 72])
torch.Size([1, 100, 256, 72, 72])
torch.Size([1, 100, 256, 72, 72])
torch.Size([1, 100, 256, 72, 72])
torch.Size([1, 100, 256, 72, 72])
torch.Size([1, 100, 256, 72, 72])
torch.Size([1, 100, 256, 72, 72])
torch.Size([1, 100, 256, 72, 72])
torch.Size([1, 100, 256, 72, 72])
torch.Size([1, 100, 256, 72, 72])
torch.Size([1, 100, 256, 72, 72])
torch.Size([1, 100, 256, 72, 72])
torch.Size([1, 100, 256, 72, 72])
Finish in /home/datasets/ClaraData/Inpainted/gen_00009/sub30/overlaid/notshifted/masked/result.mp4
loading from: /home/datasets/Trainedmodelsandresults/Endo-STTN/release_model/sttn_hyper-kvasir-transfer2-TransMask
loading frames and masks from: /home/datasets/ClaraData/JPEGImages/
torch.Size([1, 100, 256, 72, 72])
torch.Size([1, 100, 256, 72, 72])
torch.Size([1, 100, 256, 72, 72])
torch.Size([1, 100, 256, 72, 72])
torch.Size([1, 100, 256, 72, 72])
torch.Size([1, 100, 256, 72, 72])
torch.Size([1, 100, 256, 72, 72])
torch.Size([1, 100, 256, 72, 72])
torch.Size([1, 100, 256, 72, 72])
torch.Size([1, 100, 256, 72, 72])
torch.Size([1, 100, 256, 72, 72])
torch.Size([1, 100, 256, 72, 72])
torch.Size([1, 100, 256, 72, 72])
torch.Size([1, 100, 256, 72, 72])
torch.Size([1, 100, 256, 72, 72])
torch.Size([1, 100, 256, 72, 72])
torch.Size([1, 100, 256, 72, 72])
torch.Size([1, 100, 256, 72, 72])
torch.Size([1, 100, 256, 72, 72])
torch.Size([1, 100, 256, 72, 72])
Finish in /home/datasets/ClaraData/Inpainted/gen_00009/sub31/overlaid/notshifted/masked/result.mp4
loading from: /home/datasets/Trainedmodelsandresults/Endo-STTN/release_model/sttn_hyper-kvasir-transfer2-TransMask
loading frames and masks from: /home/datasets/ClaraData/JPEGImages/
torch.Size([1, 100, 256, 72, 72])
torch.Size([1, 100, 256, 72, 72])
torch.Size([1, 100, 256, 72, 72])
torch.Size([1, 100, 256, 72, 72])
torch.Size([1, 100, 256, 72, 72])
torch.Size([1, 100, 256, 72, 72])
torch.Size([1, 100, 256, 72, 72])
torch.Size([1, 100, 256, 72, 72])
torch.Size([1, 100, 256, 72, 72])
torch.Size([1, 100, 256, 72, 72])
torch.Size([1, 100, 256, 72, 72])
torch.Size([1, 100, 256, 72, 72])
torch.Size([1, 100, 256, 72, 72])
torch.Size([1, 100, 256, 72, 72])
torch.Size([1, 100, 256, 72, 72])
torch.Size([1, 100, 256, 72, 72])
torch.Size([1, 100, 256, 72, 72])
torch.Size([1, 100, 256, 72, 72])
torch.Size([1, 100, 256, 72, 72])
torch.Size([1, 100, 256, 72, 72])
Finish in /home/datasets/ClaraData/Inpainted/gen_00009/sub32/overlaid/notshifted/masked/result.mp4
loading from: /home/datasets/Trainedmodelsandresults/Endo-STTN/release_model/sttn_hyper-kvasir-transfer2-TransMask
loading frames and masks from: /home/datasets/ClaraData/JPEGImages/
torch.Size([1, 100, 256, 72, 72])
torch.Size([1, 100, 256, 72, 72])
torch.Size([1, 100, 256, 72, 72])
torch.Size([1, 100, 256, 72, 72])
torch.Size([1, 100, 256, 72, 72])
torch.Size([1, 100, 256, 72, 72])
torch.Size([1, 100, 256, 72, 72])
torch.Size([1, 100, 256, 72, 72])
torch.Size([1, 100, 256, 72, 72])
torch.Size([1, 100, 256, 72, 72])
torch.Size([1, 100, 256, 72, 72])
torch.Size([1, 100, 256, 72, 72])
torch.Size([1, 100, 256, 72, 72])
torch.Size([1, 100, 256, 72, 72])
torch.Size([1, 100, 256, 72, 72])
torch.Size([1, 100, 256, 72, 72])
torch.Size([1, 100, 256, 72, 72])
torch.Size([1, 100, 256, 72, 72])
torch.Size([1, 100, 256, 72, 72])
torch.Size([1, 100, 256, 72, 72])
Finish in /home/datasets/ClaraData/Inpainted/gen_00009/sub33/overlaid/notshifted/masked/result.mp4
loading from: /home/datasets/Trainedmodelsandresults/Endo-STTN/release_model/sttn_hyper-kvasir-transfer2-TransMask
loading frames and masks from: /home/datasets/ClaraData/JPEGImages/
torch.Size([1, 100, 256, 72, 72])
torch.Size([1, 100, 256, 72, 72])
torch.Size([1, 100, 256, 72, 72])
torch.Size([1, 100, 256, 72, 72])
torch.Size([1, 100, 256, 72, 72])
torch.Size([1, 100, 256, 72, 72])
torch.Size([1, 100, 256, 72, 72])
torch.Size([1, 100, 256, 72, 72])
torch.Size([1, 100, 256, 72, 72])
torch.Size([1, 100, 256, 72, 72])
torch.Size([1, 100, 256, 72, 72])
torch.Size([1, 100, 256, 72, 72])
torch.Size([1, 100, 256, 72, 72])
torch.Size([1, 100, 256, 72, 72])
torch.Size([1, 100, 256, 72, 72])
torch.Size([1, 100, 256, 72, 72])
torch.Size([1, 100, 256, 72, 72])
torch.Size([1, 100, 256, 72, 72])
torch.Size([1, 100, 256, 72, 72])
torch.Size([1, 100, 256, 72, 72])
Finish in /home/datasets/ClaraData/Inpainted/gen_00009/sub34/overlaid/notshifted/masked/result.mp4
loading from: /home/datasets/Trainedmodelsandresults/Endo-STTN/release_model/sttn_hyper-kvasir-transfer2-TransMask
loading frames and masks from: /home/datasets/ClaraData/JPEGImages/
torch.Size([1, 100, 256, 72, 72])
torch.Size([1, 100, 256, 72, 72])
torch.Size([1, 100, 256, 72, 72])
torch.Size([1, 100, 256, 72, 72])
torch.Size([1, 100, 256, 72, 72])
torch.Size([1, 100, 256, 72, 72])
torch.Size([1, 100, 256, 72, 72])
torch.Size([1, 100, 256, 72, 72])
torch.Size([1, 100, 256, 72, 72])
torch.Size([1, 100, 256, 72, 72])
torch.Size([1, 100, 256, 72, 72])
torch.Size([1, 100, 256, 72, 72])
torch.Size([1, 100, 256, 72, 72])
torch.Size([1, 100, 256, 72, 72])
torch.Size([1, 100, 256, 72, 72])
torch.Size([1, 100, 256, 72, 72])
torch.Size([1, 100, 256, 72, 72])
torch.Size([1, 100, 256, 72, 72])
torch.Size([1, 100, 256, 72, 72])
torch.Size([1, 100, 256, 72, 72])
Finish in /home/datasets/ClaraData/Inpainted/gen_00009/sub35/overlaid/notshifted/masked/result.mp4
loading from: /home/datasets/Trainedmodelsandresults/Endo-STTN/release_model/sttn_hyper-kvasir-transfer2-TransMask
loading frames and masks from: /home/datasets/ClaraData/JPEGImages/
torch.Size([1, 100, 256, 72, 72])
torch.Size([1, 100, 256, 72, 72])
torch.Size([1, 100, 256, 72, 72])
torch.Size([1, 100, 256, 72, 72])
torch.Size([1, 100, 256, 72, 72])
torch.Size([1, 100, 256, 72, 72])
torch.Size([1, 100, 256, 72, 72])
torch.Size([1, 100, 256, 72, 72])
torch.Size([1, 100, 256, 72, 72])
torch.Size([1, 100, 256, 72, 72])
torch.Size([1, 100, 256, 72, 72])
torch.Size([1, 100, 256, 72, 72])
torch.Size([1, 100, 256, 72, 72])
torch.Size([1, 100, 256, 72, 72])
torch.Size([1, 100, 256, 72, 72])
torch.Size([1, 100, 256, 72, 72])
torch.Size([1, 100, 256, 72, 72])
torch.Size([1, 100, 256, 72, 72])
torch.Size([1, 100, 256, 72, 72])
torch.Size([1, 100, 256, 72, 72])
Finish in /home/datasets/ClaraData/Inpainted/gen_00009/sub36/overlaid/notshifted/masked/result.mp4
loading from: /home/datasets/Trainedmodelsandresults/Endo-STTN/release_model/sttn_hyper-kvasir-transfer2-TransMask
loading frames and masks from: /home/datasets/ClaraData/JPEGImages/
torch.Size([1, 100, 256, 72, 72])
torch.Size([1, 100, 256, 72, 72])
torch.Size([1, 100, 256, 72, 72])
torch.Size([1, 100, 256, 72, 72])
torch.Size([1, 100, 256, 72, 72])
torch.Size([1, 100, 256, 72, 72])
torch.Size([1, 100, 256, 72, 72])
torch.Size([1, 100, 256, 72, 72])
torch.Size([1, 100, 256, 72, 72])
torch.Size([1, 100, 256, 72, 72])
torch.Size([1, 100, 256, 72, 72])
torch.Size([1, 100, 256, 72, 72])
torch.Size([1, 100, 256, 72, 72])
torch.Size([1, 100, 256, 72, 72])
torch.Size([1, 100, 256, 72, 72])
torch.Size([1, 100, 256, 72, 72])
torch.Size([1, 100, 256, 72, 72])
torch.Size([1, 100, 256, 72, 72])
torch.Size([1, 100, 256, 72, 72])
torch.Size([1, 100, 256, 72, 72])
Finish in /home/datasets/ClaraData/Inpainted/gen_00009/sub37/overlaid/notshifted/masked/result.mp4
loading from: /home/datasets/Trainedmodelsandresults/Endo-STTN/release_model/sttn_hyper-kvasir-transfer2-TransMask
loading frames and masks from: /home/datasets/ClaraData/JPEGImages/
torch.Size([1, 100, 256, 72, 72])
torch.Size([1, 100, 256, 72, 72])
torch.Size([1, 100, 256, 72, 72])
torch.Size([1, 100, 256, 72, 72])
torch.Size([1, 100, 256, 72, 72])
torch.Size([1, 100, 256, 72, 72])
torch.Size([1, 100, 256, 72, 72])
torch.Size([1, 100, 256, 72, 72])
torch.Size([1, 100, 256, 72, 72])
torch.Size([1, 100, 256, 72, 72])
torch.Size([1, 100, 256, 72, 72])
torch.Size([1, 100, 256, 72, 72])
torch.Size([1, 100, 256, 72, 72])
torch.Size([1, 100, 256, 72, 72])
torch.Size([1, 100, 256, 72, 72])
torch.Size([1, 100, 256, 72, 72])
torch.Size([1, 100, 256, 72, 72])
torch.Size([1, 100, 256, 72, 72])
torch.Size([1, 100, 256, 72, 72])
torch.Size([1, 100, 256, 72, 72])
Finish in /home/datasets/ClaraData/Inpainted/gen_00009/sub38/overlaid/notshifted/masked/result.mp4
loading from: /home/datasets/Trainedmodelsandresults/Endo-STTN/release_model/sttn_hyper-kvasir-transfer2-TransMask
loading frames and masks from: /home/datasets/ClaraData/JPEGImages/
torch.Size([1, 100, 256, 72, 72])
torch.Size([1, 100, 256, 72, 72])
torch.Size([1, 100, 256, 72, 72])
torch.Size([1, 100, 256, 72, 72])
torch.Size([1, 100, 256, 72, 72])
torch.Size([1, 100, 256, 72, 72])
torch.Size([1, 100, 256, 72, 72])
torch.Size([1, 100, 256, 72, 72])
torch.Size([1, 100, 256, 72, 72])
torch.Size([1, 100, 256, 72, 72])
torch.Size([1, 100, 256, 72, 72])
torch.Size([1, 100, 256, 72, 72])
torch.Size([1, 100, 256, 72, 72])
torch.Size([1, 100, 256, 72, 72])
torch.Size([1, 100, 256, 72, 72])
torch.Size([1, 100, 256, 72, 72])
torch.Size([1, 100, 256, 72, 72])
torch.Size([1, 100, 256, 72, 72])
torch.Size([1, 100, 256, 72, 72])
torch.Size([1, 100, 256, 72, 72])
Finish in /home/datasets/ClaraData/Inpainted/gen_00009/sub39/overlaid/notshifted/masked/result.mp4
loading from: /home/datasets/Trainedmodelsandresults/Endo-STTN/release_model/sttn_hyper-kvasir-transfer2-TransMask
loading frames and masks from: /home/datasets/ClaraData/JPEGImages/
torch.Size([1, 100, 256, 72, 72])
torch.Size([1, 100, 256, 72, 72])
torch.Size([1, 100, 256, 72, 72])
torch.Size([1, 100, 256, 72, 72])
torch.Size([1, 100, 256, 72, 72])
torch.Size([1, 100, 256, 72, 72])
torch.Size([1, 100, 256, 72, 72])
torch.Size([1, 100, 256, 72, 72])
torch.Size([1, 100, 256, 72, 72])
torch.Size([1, 100, 256, 72, 72])
torch.Size([1, 100, 256, 72, 72])
torch.Size([1, 100, 256, 72, 72])
torch.Size([1, 100, 256, 72, 72])
torch.Size([1, 100, 256, 72, 72])
torch.Size([1, 100, 256, 72, 72])
torch.Size([1, 100, 256, 72, 72])
torch.Size([1, 100, 256, 72, 72])
torch.Size([1, 100, 256, 72, 72])
torch.Size([1, 100, 256, 72, 72])
torch.Size([1, 100, 256, 72, 72])
Finish in /home/datasets/ClaraData/Inpainted/gen_00009/sub4/overlaid/notshifted/masked/result.mp4
loading from: /home/datasets/Trainedmodelsandresults/Endo-STTN/release_model/sttn_hyper-kvasir-transfer2-TransMask
loading frames and masks from: /home/datasets/ClaraData/JPEGImages/
torch.Size([1, 100, 256, 72, 72])
torch.Size([1, 100, 256, 72, 72])
torch.Size([1, 100, 256, 72, 72])
torch.Size([1, 100, 256, 72, 72])
torch.Size([1, 100, 256, 72, 72])
torch.Size([1, 100, 256, 72, 72])
torch.Size([1, 100, 256, 72, 72])
torch.Size([1, 100, 256, 72, 72])
torch.Size([1, 100, 256, 72, 72])
torch.Size([1, 100, 256, 72, 72])
torch.Size([1, 100, 256, 72, 72])
torch.Size([1, 100, 256, 72, 72])
torch.Size([1, 100, 256, 72, 72])
torch.Size([1, 100, 256, 72, 72])
torch.Size([1, 100, 256, 72, 72])
torch.Size([1, 100, 256, 72, 72])
torch.Size([1, 100, 256, 72, 72])
torch.Size([1, 100, 256, 72, 72])
torch.Size([1, 100, 256, 72, 72])
torch.Size([1, 100, 256, 72, 72])
Finish in /home/datasets/ClaraData/Inpainted/gen_00009/sub40/overlaid/notshifted/masked/result.mp4
loading from: /home/datasets/Trainedmodelsandresults/Endo-STTN/release_model/sttn_hyper-kvasir-transfer2-TransMask
loading frames and masks from: /home/datasets/ClaraData/JPEGImages/
torch.Size([1, 100, 256, 72, 72])
torch.Size([1, 100, 256, 72, 72])
torch.Size([1, 100, 256, 72, 72])
torch.Size([1, 100, 256, 72, 72])
torch.Size([1, 100, 256, 72, 72])
torch.Size([1, 100, 256, 72, 72])
torch.Size([1, 100, 256, 72, 72])
torch.Size([1, 100, 256, 72, 72])
torch.Size([1, 100, 256, 72, 72])
torch.Size([1, 100, 256, 72, 72])
torch.Size([1, 100, 256, 72, 72])
torch.Size([1, 100, 256, 72, 72])
torch.Size([1, 100, 256, 72, 72])
torch.Size([1, 100, 256, 72, 72])
torch.Size([1, 100, 256, 72, 72])
torch.Size([1, 100, 256, 72, 72])
torch.Size([1, 100, 256, 72, 72])
torch.Size([1, 100, 256, 72, 72])
torch.Size([1, 100, 256, 72, 72])
torch.Size([1, 100, 256, 72, 72])
Finish in /home/datasets/ClaraData/Inpainted/gen_00009/sub41/overlaid/notshifted/masked/result.mp4
loading from: /home/datasets/Trainedmodelsandresults/Endo-STTN/release_model/sttn_hyper-kvasir-transfer2-TransMask
loading frames and masks from: /home/datasets/ClaraData/JPEGImages/
torch.Size([1, 100, 256, 72, 72])
torch.Size([1, 100, 256, 72, 72])
torch.Size([1, 100, 256, 72, 72])
torch.Size([1, 100, 256, 72, 72])
torch.Size([1, 100, 256, 72, 72])
torch.Size([1, 100, 256, 72, 72])
torch.Size([1, 100, 256, 72, 72])
torch.Size([1, 100, 256, 72, 72])
torch.Size([1, 100, 256, 72, 72])
torch.Size([1, 100, 256, 72, 72])
torch.Size([1, 100, 256, 72, 72])
torch.Size([1, 100, 256, 72, 72])
torch.Size([1, 100, 256, 72, 72])
torch.Size([1, 100, 256, 72, 72])
torch.Size([1, 100, 256, 72, 72])
torch.Size([1, 100, 256, 72, 72])
torch.Size([1, 100, 256, 72, 72])
torch.Size([1, 100, 256, 72, 72])
torch.Size([1, 100, 256, 72, 72])
torch.Size([1, 100, 256, 72, 72])
Finish in /home/datasets/ClaraData/Inpainted/gen_00009/sub42/overlaid/notshifted/masked/result.mp4
loading from: /home/datasets/Trainedmodelsandresults/Endo-STTN/release_model/sttn_hyper-kvasir-transfer2-TransMask
loading frames and masks from: /home/datasets/ClaraData/JPEGImages/
torch.Size([1, 100, 256, 72, 72])
torch.Size([1, 100, 256, 72, 72])
torch.Size([1, 100, 256, 72, 72])
torch.Size([1, 100, 256, 72, 72])
torch.Size([1, 100, 256, 72, 72])
torch.Size([1, 100, 256, 72, 72])
torch.Size([1, 100, 256, 72, 72])
torch.Size([1, 100, 256, 72, 72])
torch.Size([1, 100, 256, 72, 72])
torch.Size([1, 100, 256, 72, 72])
torch.Size([1, 100, 256, 72, 72])
torch.Size([1, 100, 256, 72, 72])
torch.Size([1, 100, 256, 72, 72])
torch.Size([1, 100, 256, 72, 72])
torch.Size([1, 100, 256, 72, 72])
torch.Size([1, 100, 256, 72, 72])
torch.Size([1, 100, 256, 72, 72])
torch.Size([1, 100, 256, 72, 72])
torch.Size([1, 100, 256, 72, 72])
torch.Size([1, 100, 256, 72, 72])
Finish in /home/datasets/ClaraData/Inpainted/gen_00009/sub43/overlaid/notshifted/masked/result.mp4
loading from: /home/datasets/Trainedmodelsandresults/Endo-STTN/release_model/sttn_hyper-kvasir-transfer2-TransMask
loading frames and masks from: /home/datasets/ClaraData/JPEGImages/
torch.Size([1, 100, 256, 72, 72])
torch.Size([1, 100, 256, 72, 72])
torch.Size([1, 100, 256, 72, 72])
torch.Size([1, 100, 256, 72, 72])
torch.Size([1, 100, 256, 72, 72])
torch.Size([1, 100, 256, 72, 72])
torch.Size([1, 100, 256, 72, 72])
torch.Size([1, 100, 256, 72, 72])
torch.Size([1, 100, 256, 72, 72])
torch.Size([1, 100, 256, 72, 72])
torch.Size([1, 100, 256, 72, 72])
torch.Size([1, 100, 256, 72, 72])
torch.Size([1, 100, 256, 72, 72])
torch.Size([1, 100, 256, 72, 72])
torch.Size([1, 100, 256, 72, 72])
torch.Size([1, 100, 256, 72, 72])
torch.Size([1, 100, 256, 72, 72])
torch.Size([1, 100, 256, 72, 72])
torch.Size([1, 100, 256, 72, 72])
torch.Size([1, 100, 256, 72, 72])
Finish in /home/datasets/ClaraData/Inpainted/gen_00009/sub44/overlaid/notshifted/masked/result.mp4
loading from: /home/datasets/Trainedmodelsandresults/Endo-STTN/release_model/sttn_hyper-kvasir-transfer2-TransMask
loading frames and masks from: /home/datasets/ClaraData/JPEGImages/
torch.Size([1, 100, 256, 72, 72])
torch.Size([1, 100, 256, 72, 72])
torch.Size([1, 100, 256, 72, 72])
torch.Size([1, 100, 256, 72, 72])
torch.Size([1, 100, 256, 72, 72])
torch.Size([1, 100, 256, 72, 72])
torch.Size([1, 100, 256, 72, 72])
torch.Size([1, 100, 256, 72, 72])
torch.Size([1, 100, 256, 72, 72])
torch.Size([1, 100, 256, 72, 72])
torch.Size([1, 100, 256, 72, 72])
torch.Size([1, 100, 256, 72, 72])
torch.Size([1, 100, 256, 72, 72])
torch.Size([1, 100, 256, 72, 72])
torch.Size([1, 100, 256, 72, 72])
torch.Size([1, 100, 256, 72, 72])
torch.Size([1, 100, 256, 72, 72])
torch.Size([1, 100, 256, 72, 72])
torch.Size([1, 100, 256, 72, 72])
torch.Size([1, 100, 256, 72, 72])
Finish in /home/datasets/ClaraData/Inpainted/gen_00009/sub45/overlaid/notshifted/masked/result.mp4
loading from: /home/datasets/Trainedmodelsandresults/Endo-STTN/release_model/sttn_hyper-kvasir-transfer2-TransMask
loading frames and masks from: /home/datasets/ClaraData/JPEGImages/
torch.Size([1, 100, 256, 72, 72])
torch.Size([1, 100, 256, 72, 72])
torch.Size([1, 100, 256, 72, 72])
torch.Size([1, 100, 256, 72, 72])
torch.Size([1, 100, 256, 72, 72])
torch.Size([1, 100, 256, 72, 72])
torch.Size([1, 100, 256, 72, 72])
torch.Size([1, 100, 256, 72, 72])
torch.Size([1, 100, 256, 72, 72])
torch.Size([1, 100, 256, 72, 72])
torch.Size([1, 100, 256, 72, 72])
torch.Size([1, 100, 256, 72, 72])
torch.Size([1, 100, 256, 72, 72])
torch.Size([1, 100, 256, 72, 72])
torch.Size([1, 100, 256, 72, 72])
torch.Size([1, 100, 256, 72, 72])
torch.Size([1, 100, 256, 72, 72])
torch.Size([1, 100, 256, 72, 72])
torch.Size([1, 100, 256, 72, 72])
torch.Size([1, 100, 256, 72, 72])
Finish in /home/datasets/ClaraData/Inpainted/gen_00009/sub46/overlaid/notshifted/masked/result.mp4
loading from: /home/datasets/Trainedmodelsandresults/Endo-STTN/release_model/sttn_hyper-kvasir-transfer2-TransMask
loading frames and masks from: /home/datasets/ClaraData/JPEGImages/
torch.Size([1, 100, 256, 72, 72])
torch.Size([1, 100, 256, 72, 72])
torch.Size([1, 100, 256, 72, 72])
torch.Size([1, 100, 256, 72, 72])
torch.Size([1, 100, 256, 72, 72])
torch.Size([1, 100, 256, 72, 72])
torch.Size([1, 100, 256, 72, 72])
torch.Size([1, 100, 256, 72, 72])
torch.Size([1, 100, 256, 72, 72])
torch.Size([1, 100, 256, 72, 72])
torch.Size([1, 100, 256, 72, 72])
torch.Size([1, 100, 256, 72, 72])
torch.Size([1, 100, 256, 72, 72])
torch.Size([1, 100, 256, 72, 72])
torch.Size([1, 100, 256, 72, 72])
torch.Size([1, 100, 256, 72, 72])
torch.Size([1, 100, 256, 72, 72])
torch.Size([1, 100, 256, 72, 72])
torch.Size([1, 100, 256, 72, 72])
torch.Size([1, 100, 256, 72, 72])
Finish in /home/datasets/ClaraData/Inpainted/gen_00009/sub47/overlaid/notshifted/masked/result.mp4
loading from: /home/datasets/Trainedmodelsandresults/Endo-STTN/release_model/sttn_hyper-kvasir-transfer2-TransMask
loading frames and masks from: /home/datasets/ClaraData/JPEGImages/
torch.Size([1, 100, 256, 72, 72])
torch.Size([1, 100, 256, 72, 72])
torch.Size([1, 100, 256, 72, 72])
torch.Size([1, 100, 256, 72, 72])
torch.Size([1, 100, 256, 72, 72])
torch.Size([1, 100, 256, 72, 72])
torch.Size([1, 100, 256, 72, 72])
torch.Size([1, 100, 256, 72, 72])
torch.Size([1, 100, 256, 72, 72])
torch.Size([1, 100, 256, 72, 72])/home/rdaher/.local/lib/python3.8/site-packages/torch/nn/functional.py:3679: UserWarning: The default behavior for interpolate/upsample with float scale_factor changed in 1.6.0 to align with other frameworks/libraries, and now uses scale_factor directly, instead of relying on the computed output size. If you wish to restore the old behavior, please set recompute_scale_factor=True. See the documentation of nn.Upsample for details. 
  warnings.warn(

torch.Size([1, 100, 256, 72, 72])
torch.Size([1, 100, 256, 72, 72])
torch.Size([1, 100, 256, 72, 72])
torch.Size([1, 100, 256, 72, 72])
torch.Size([1, 100, 256, 72, 72])
torch.Size([1, 100, 256, 72, 72])
torch.Size([1, 100, 256, 72, 72])
torch.Size([1, 100, 256, 72, 72])
torch.Size([1, 100, 256, 72, 72])
torch.Size([1, 100, 256, 72, 72])
Finish in /home/datasets/ClaraData/Inpainted/gen_00009/sub48/overlaid/notshifted/masked/result.mp4
loading from: /home/datasets/Trainedmodelsandresults/Endo-STTN/release_model/sttn_hyper-kvasir-transfer2-TransMask
loading frames and masks from: /home/datasets/ClaraData/JPEGImages/
torch.Size([1, 100, 256, 72, 72])
torch.Size([1, 100, 256, 72, 72])
torch.Size([1, 100, 256, 72, 72])
torch.Size([1, 100, 256, 72, 72])
torch.Size([1, 100, 256, 72, 72])
torch.Size([1, 100, 256, 72, 72])
torch.Size([1, 100, 256, 72, 72])
torch.Size([1, 100, 256, 72, 72])
torch.Size([1, 100, 256, 72, 72])
torch.Size([1, 100, 256, 72, 72])
torch.Size([1, 100, 256, 72, 72])
torch.Size([1, 100, 256, 72, 72])
torch.Size([1, 100, 256, 72, 72])
torch.Size([1, 100, 256, 72, 72])
torch.Size([1, 100, 256, 72, 72])
torch.Size([1, 100, 256, 72, 72])
torch.Size([1, 100, 256, 72, 72])
torch.Size([1, 100, 256, 72, 72])
torch.Size([1, 100, 256, 72, 72])
torch.Size([1, 100, 256, 72, 72])
Finish in /home/datasets/ClaraData/Inpainted/gen_00009/sub49/overlaid/notshifted/masked/result.mp4
loading from: /home/datasets/Trainedmodelsandresults/Endo-STTN/release_model/sttn_hyper-kvasir-transfer2-TransMask
loading frames and masks from: /home/datasets/ClaraData/JPEGImages/
torch.Size([1, 100, 256, 72, 72])
torch.Size([1, 100, 256, 72, 72])
torch.Size([1, 100, 256, 72, 72])
torch.Size([1, 100, 256, 72, 72])
torch.Size([1, 100, 256, 72, 72])
torch.Size([1, 100, 256, 72, 72])
torch.Size([1, 100, 256, 72, 72])
torch.Size([1, 100, 256, 72, 72])
torch.Size([1, 100, 256, 72, 72])
torch.Size([1, 100, 256, 72, 72])
torch.Size([1, 100, 256, 72, 72])
torch.Size([1, 100, 256, 72, 72])
torch.Size([1, 100, 256, 72, 72])
torch.Size([1, 100, 256, 72, 72])
torch.Size([1, 100, 256, 72, 72])
torch.Size([1, 100, 256, 72, 72])
torch.Size([1, 100, 256, 72, 72])
torch.Size([1, 100, 256, 72, 72])
torch.Size([1, 100, 256, 72, 72])
torch.Size([1, 100, 256, 72, 72])
Finish in /home/datasets/ClaraData/Inpainted/gen_00009/sub5/overlaid/notshifted/masked/result.mp4
loading from: /home/datasets/Trainedmodelsandresults/Endo-STTN/release_model/sttn_hyper-kvasir-transfer2-TransMask
loading frames and masks from: /home/datasets/ClaraData/JPEGImages/
torch.Size([1, 100, 256, 72, 72])
torch.Size([1, 100, 256, 72, 72])
torch.Size([1, 100, 256, 72, 72])
torch.Size([1, 100, 256, 72, 72])
torch.Size([1, 100, 256, 72, 72])
torch.Size([1, 100, 256, 72, 72])
torch.Size([1, 100, 256, 72, 72])
torch.Size([1, 100, 256, 72, 72])
torch.Size([1, 100, 256, 72, 72])
torch.Size([1, 100, 256, 72, 72])
torch.Size([1, 100, 256, 72, 72])
torch.Size([1, 100, 256, 72, 72])
torch.Size([1, 100, 256, 72, 72])
torch.Size([1, 100, 256, 72, 72])
torch.Size([1, 100, 256, 72, 72])
torch.Size([1, 100, 256, 72, 72])
torch.Size([1, 100, 256, 72, 72])
torch.Size([1, 100, 256, 72, 72])
torch.Size([1, 100, 256, 72, 72])
torch.Size([1, 100, 256, 72, 72])
Finish in /home/datasets/ClaraData/Inpainted/gen_00009/sub50/overlaid/notshifted/masked/result.mp4
loading from: /home/datasets/Trainedmodelsandresults/Endo-STTN/release_model/sttn_hyper-kvasir-transfer2-TransMask
loading frames and masks from: /home/datasets/ClaraData/JPEGImages/
torch.Size([1, 100, 256, 72, 72])
torch.Size([1, 100, 256, 72, 72])
torch.Size([1, 100, 256, 72, 72])
torch.Size([1, 100, 256, 72, 72])
torch.Size([1, 100, 256, 72, 72])
torch.Size([1, 100, 256, 72, 72])
torch.Size([1, 100, 256, 72, 72])
torch.Size([1, 100, 256, 72, 72])
torch.Size([1, 100, 256, 72, 72])
torch.Size([1, 100, 256, 72, 72])
torch.Size([1, 100, 256, 72, 72])
torch.Size([1, 100, 256, 72, 72])
torch.Size([1, 100, 256, 72, 72])
torch.Size([1, 100, 256, 72, 72])
torch.Size([1, 100, 256, 72, 72])
torch.Size([1, 100, 256, 72, 72])
torch.Size([1, 100, 256, 72, 72])
torch.Size([1, 100, 256, 72, 72])
torch.Size([1, 100, 256, 72, 72])
torch.Size([1, 100, 256, 72, 72])
Finish in /home/datasets/ClaraData/Inpainted/gen_00009/sub6/overlaid/notshifted/masked/result.mp4
loading from: /home/datasets/Trainedmodelsandresults/Endo-STTN/release_model/sttn_hyper-kvasir-transfer2-TransMask
loading frames and masks from: /home/datasets/ClaraData/JPEGImages/
torch.Size([1, 100, 256, 72, 72])
torch.Size([1, 100, 256, 72, 72])
torch.Size([1, 100, 256, 72, 72])
torch.Size([1, 100, 256, 72, 72])
torch.Size([1, 100, 256, 72, 72])
torch.Size([1, 100, 256, 72, 72])
torch.Size([1, 100, 256, 72, 72])
torch.Size([1, 100, 256, 72, 72])
torch.Size([1, 100, 256, 72, 72])
torch.Size([1, 100, 256, 72, 72])
torch.Size([1, 100, 256, 72, 72])
torch.Size([1, 100, 256, 72, 72])
torch.Size([1, 100, 256, 72, 72])
torch.Size([1, 100, 256, 72, 72])
torch.Size([1, 100, 256, 72, 72])
torch.Size([1, 100, 256, 72, 72])
torch.Size([1, 100, 256, 72, 72])
torch.Size([1, 100, 256, 72, 72])
torch.Size([1, 100, 256, 72, 72])
torch.Size([1, 100, 256, 72, 72])
Finish in /home/datasets/ClaraData/Inpainted/gen_00009/sub7/overlaid/notshifted/masked/result.mp4
loading from: /home/datasets/Trainedmodelsandresults/Endo-STTN/release_model/sttn_hyper-kvasir-transfer2-TransMask
loading frames and masks from: /home/datasets/ClaraData/JPEGImages/
torch.Size([1, 100, 256, 72, 72])
torch.Size([1, 100, 256, 72, 72])
torch.Size([1, 100, 256, 72, 72])
torch.Size([1, 100, 256, 72, 72])
torch.Size([1, 100, 256, 72, 72])
torch.Size([1, 100, 256, 72, 72])
torch.Size([1, 100, 256, 72, 72])
torch.Size([1, 100, 256, 72, 72])
torch.Size([1, 100, 256, 72, 72])
torch.Size([1, 100, 256, 72, 72])
torch.Size([1, 100, 256, 72, 72])
torch.Size([1, 100, 256, 72, 72])
torch.Size([1, 100, 256, 72, 72])
torch.Size([1, 100, 256, 72, 72])
torch.Size([1, 100, 256, 72, 72])
torch.Size([1, 100, 256, 72, 72])
torch.Size([1, 100, 256, 72, 72])
torch.Size([1, 100, 256, 72, 72])
torch.Size([1, 100, 256, 72, 72])
torch.Size([1, 100, 256, 72, 72])
Finish in /home/datasets/ClaraData/Inpainted/gen_00009/sub8/overlaid/notshifted/masked/result.mp4
loading from: /home/datasets/Trainedmodelsandresults/Endo-STTN/release_model/sttn_hyper-kvasir-transfer2-TransMask
loading frames and masks from: /home/datasets/ClaraData/JPEGImages/
torch.Size([1, 100, 256, 72, 72])
torch.Size([1, 100, 256, 72, 72])
torch.Size([1, 100, 256, 72, 72])
torch.Size([1, 100, 256, 72, 72])
torch.Size([1, 100, 256, 72, 72])
torch.Size([1, 100, 256, 72, 72])
torch.Size([1, 100, 256, 72, 72])
torch.Size([1, 100, 256, 72, 72])
torch.Size([1, 100, 256, 72, 72])
torch.Size([1, 100, 256, 72, 72])
torch.Size([1, 100, 256, 72, 72])
torch.Size([1, 100, 256, 72, 72])
torch.Size([1, 100, 256, 72, 72])
torch.Size([1, 100, 256, 72, 72])
torch.Size([1, 100, 256, 72, 72])
torch.Size([1, 100, 256, 72, 72])
torch.Size([1, 100, 256, 72, 72])
torch.Size([1, 100, 256, 72, 72])
torch.Size([1, 100, 256, 72, 72])
torch.Size([1, 100, 256, 72, 72])
Finish in /home/datasets/ClaraData/Inpainted/gen_00009/sub9/overlaid/notshifted/masked/result.mp4
